<?xml version="1.0" encoding="UTF-8"?>
<testng-results skipped="0" failed="0" total="3" passed="3">
  <reporter-output>
  </reporter-output>
  <suite name="Default suite" duration-ms="39585" started-at="2020-06-15T02:27:28Z" finished-at="2020-06-15T02:28:08Z">
    <groups>
    </groups>
    <test name="Default test" duration-ms="39585" started-at="2020-06-15T02:27:28Z" finished-at="2020-06-15T02:28:08Z">
      <class name="unicodeTech.Module1.ValidateUser">
        <test-method status="PASS" signature="setUP()[pri:0, instance:unicodeTech.Module1.ValidateUser@51565ec2]" name="setUP" is-config="true" duration-ms="8457" started-at="2020-06-15T07:57:28Z" finished-at="2020-06-15T07:57:36Z">
          <reporter-output>
          </reporter-output>
        </test-method> <!-- setUP -->
        <test-method status="PASS" signature="testValidateUSer(java.lang.String, java.lang.String)[pri:0, instance:unicodeTech.Module1.ValidateUser@51565ec2]" name="testValidateUSer" duration-ms="9993" started-at="2020-06-15T07:57:36Z" data-provider="gettestData" finished-at="2020-06-15T07:57:46Z">
          <params>
            <param index="0">
              <value>
                <![CDATA[demo@unicodetechnologies.in]]>
              </value>
            </param>
            <param index="1">
              <value>
                <![CDATA[unicode]]>
              </value>
            </param>
          </params>
          <reporter-output>
          </reporter-output>
        </test-method> <!-- testValidateUSer -->
        <test-method status="PASS" signature="testValidateUSer(java.lang.String, java.lang.String)[pri:0, instance:unicodeTech.Module1.ValidateUser@51565ec2]" name="testValidateUSer" duration-ms="14721" started-at="2020-06-15T07:57:46Z" data-provider="gettestData" finished-at="2020-06-15T07:58:01Z">
          <params>
            <param index="0">
              <value>
                <![CDATA[demo1@unicodetechnologies.in]]>
              </value>
            </param>
            <param index="1">
              <value>
                <![CDATA[unicode44]]>
              </value>
            </param>
          </params>
          <reporter-output>
          </reporter-output>
        </test-method> <!-- testValidateUSer -->
        <test-method status="PASS" signature="testValidateUSer(java.lang.String, java.lang.String)[pri:0, instance:unicodeTech.Module1.ValidateUser@51565ec2]" name="testValidateUSer" duration-ms="6365" started-at="2020-06-15T07:58:01Z" data-provider="gettestData" finished-at="2020-06-15T07:58:08Z">
          <params>
            <param index="0">
              <value>
                <![CDATA[demo2@unicodetechnologies.in]]>
              </value>
            </param>
            <param index="1">
              <value>
                <![CDATA[unicode2]]>
              </value>
            </param>
          </params>
          <reporter-output>
          </reporter-output>
        </test-method> <!-- testValidateUSer -->
      </class> <!-- unicodeTech.Module1.ValidateUser -->
    </test> <!-- Default test -->
  </suite> <!-- Default suite -->
</testng-results>
