<?xml version="1.0" encoding="UTF-8"?>
<!-- Generated by org.testng.reporters.JUnitXMLReporter -->
<testsuite hostname="LENOVO" name="Default test" tests="3" failures="0" timestamp="15 Jun 2020 02:28:08 GMT" time="39.585" errors="0">
  <testcase name="testValidateUSer" time="9.993" classname="unicodeTech.Module1.ValidateUser"/>
  <testcase name="testValidateUSer" time="14.721" classname="unicodeTech.Module1.ValidateUser"/>
  <testcase name="testValidateUSer" time="6.365" classname="unicodeTech.Module1.ValidateUser"/>
</testsuite> <!-- Default test -->
